CodeLabDemo/build/intermediates/manifest_merge_blame_file/debug/manifest-merger-blame-debug-report.txt
1<?xml version="1.0" encoding="utf-8"?>
2<!--
3  ~ Copyright 2017, The Android Open Source Project
4  ~
5  ~ Licensed under the Apache License, Version 2.0 (the "License");
6  ~ you may not use this file except in compliance with the License.
7  ~ You may obtain a copy of the License at
8  ~
9  ~      http://www.apache.org/licenses/LICENSE-2.0
10  ~
11  ~ Unless required by applicable law or agreed to in writing, software
12  ~ distributed under the License is distributed on an "AS IS" BASIS,
13  ~ WITHOUT WARRANTIES OR CONDITIONS OF ANY KIND, either express or implied.
14  ~ See the License for the specific language governing permissions and
15  ~ limitations under the License.
16-->
17<manifest xmlns:android="http://schemas.android.com/apk/res/android"
18    package="com.example.android.codelabs.persistence"
19    android:versionCode="1"
20    android:versionName="1.0" >
21
22    <uses-sdk
23        android:minSdkVersion="19"
23-->src/main/AndroidManifest.xml
24        android:targetSdkVersion="28" />
24-->src/main/AndroidManifest.xml
25
26    <uses-permission android:name="android.permission.ACCESS_FINE_LOCATION" />
26-->src/main/AndroidManifest.xml:21:5-79
26-->src/main/AndroidManifest.xml:21:22-76
27    <uses-permission android:name="android.permission.ACCESS_COARSE_LOCATION" />
27-->src/main/AndroidManifest.xml:22:5-81
27-->src/main/AndroidManifest.xml:22:22-78
28
29    <uses-feature android:name="android.hardware.location.gps" />
29-->src/main/AndroidManifest.xml:24:5-66
29-->src/main/AndroidManifest.xml:24:19-63
30
31    <application
31-->src/main/AndroidManifest.xml:26:5-78:19
32        android:allowBackup="true"
32-->src/main/AndroidManifest.xml:27:9-35
33        android:appComponentFactory="android.support.v4.app.CoreComponentFactory"
33-->[com.android.support:support-compat:28.0.0] AndroidManifest.xml:22:18-91
34        android:debuggable="true"
35        android:icon="@mipmap/ic_launcher"
35-->src/main/AndroidManifest.xml:28:9-43
36        android:label="@string/app_name"
36-->src/main/AndroidManifest.xml:29:9-41
37        android:supportsRtl="true"
37-->src/main/AndroidManifest.xml:30:9-35
38        android:testOnly="true"
39        android:theme="@style/AppTheme" >
39-->src/main/AndroidManifest.xml:31:9-40
40        <activity android:name="com.example.android.persistence.codelab.step1_solution.UsersActivity" >
40-->src/main/AndroidManifest.xml:32:9-37:20
40-->src/main/AndroidManifest.xml:32:19-102
41            <intent-filter>
41-->src/main/AndroidManifest.xml:33:13-36:29
42                <action android:name="android.intent.action.MAIN" />
42-->src/main/AndroidManifest.xml:34:17-68
42-->src/main/AndroidManifest.xml:34:25-66
43
44                <category android:name="android.intent.category.LAUNCHER" />
44-->src/main/AndroidManifest.xml:35:17-77
44-->src/main/AndroidManifest.xml:35:27-74
45            </intent-filter>
46        </activity>
47        <activity android:name="com.example.android.persistence.codelab.step1.UsersActivity" >
47-->src/main/AndroidManifest.xml:38:9-42:20
47-->src/main/AndroidManifest.xml:38:19-93
48            <intent-filter>
48-->src/main/AndroidManifest.xml:39:13-41:29
49                <action android:name="android.intent.action.MAIN" />
49-->src/main/AndroidManifest.xml:34:17-68
49-->src/main/AndroidManifest.xml:34:25-66
50            </intent-filter>
51        </activity>
52        <activity android:name="com.example.android.persistence.codelab.step2.JankShowUserActivity" >
52-->src/main/AndroidManifest.xml:43:9-47:20
52-->src/main/AndroidManifest.xml:43:19-100
53            <intent-filter>
53-->src/main/AndroidManifest.xml:39:13-41:29
54                <action android:name="android.intent.action.MAIN" />
54-->src/main/AndroidManifest.xml:34:17-68
54-->src/main/AndroidManifest.xml:34:25-66
55            </intent-filter>
56        </activity>
57        <activity android:name="com.example.android.persistence.codelab.step3.BooksBorrowedByUserActivity" >
57-->src/main/AndroidManifest.xml:48:9-52:20
57-->src/main/AndroidManifest.xml:48:19-107
58            <intent-filter>
58-->src/main/AndroidManifest.xml:39:13-41:29
59                <action android:name="android.intent.action.MAIN" />
59-->src/main/AndroidManifest.xml:34:17-68
59-->src/main/AndroidManifest.xml:34:25-66
60            </intent-filter>
61        </activity>
62        <activity android:name="com.example.android.persistence.codelab.step3_solution.BooksBorrowedByUserActivity" >
62-->src/main/AndroidManifest.xml:53:9-57:20
62-->src/main/AndroidManifest.xml:53:19-116
63            <intent-filter>
63-->src/main/AndroidManifest.xml:39:13-41:29
64                <action android:name="android.intent.action.MAIN" />
64-->src/main/AndroidManifest.xml:34:17-68
64-->src/main/AndroidManifest.xml:34:25-66
65            </intent-filter>
66        </activity>
67        <activity android:name="com.example.android.persistence.codelab.step4.TypeConvertersActivity" >
67-->src/main/AndroidManifest.xml:58:9-62:20
67-->src/main/AndroidManifest.xml:58:19-102
68            <intent-filter>
68-->src/main/AndroidManifest.xml:39:13-41:29
69                <action android:name="android.intent.action.MAIN" />
69-->src/main/AndroidManifest.xml:34:17-68
69-->src/main/AndroidManifest.xml:34:25-66
70            </intent-filter>
71        </activity>
72        <activity android:name="com.example.android.persistence.codelab.step4_solution.TypeConvertersActivity" >
72-->src/main/AndroidManifest.xml:63:9-67:20
72-->src/main/AndroidManifest.xml:63:19-111
73            <intent-filter>
73-->src/main/AndroidManifest.xml:39:13-41:29
74                <action android:name="android.intent.action.MAIN" />
74-->src/main/AndroidManifest.xml:34:17-68
74-->src/main/AndroidManifest.xml:34:25-66
75            </intent-filter>
76        </activity>
77        <activity android:name="com.example.android.persistence.codelab.step5_solution.CustomResultUserActivity" >
77-->src/main/AndroidManifest.xml:68:9-72:20
77-->src/main/AndroidManifest.xml:68:19-113
78            <intent-filter>
78-->src/main/AndroidManifest.xml:39:13-41:29
79                <action android:name="android.intent.action.MAIN" />
79-->src/main/AndroidManifest.xml:34:17-68
79-->src/main/AndroidManifest.xml:34:25-66
80            </intent-filter>
81        </activity>
82        <activity android:name="com.example.android.persistence.codelab.step5.CustomResultActivity" >
82-->src/main/AndroidManifest.xml:73:9-77:20
82-->src/main/AndroidManifest.xml:73:19-100
83            <intent-filter>
83-->src/main/AndroidManifest.xml:39:13-41:29
84                <action android:name="android.intent.action.MAIN" />
84-->src/main/AndroidManifest.xml:34:17-68
84-->src/main/AndroidManifest.xml:34:25-66
85            </intent-filter>
86        </activity>
87
88        <provider
88-->[android.arch.lifecycle:extensions:1.1.1] AndroidManifest.xml:23:9-27:43
89            android:name="android.arch.lifecycle.ProcessLifecycleOwnerInitializer"
89-->[android.arch.lifecycle:extensions:1.1.1] AndroidManifest.xml:24:13-83
90            android:authorities="com.example.android.codelabs.persistence.lifecycle-trojan"
90-->[android.arch.lifecycle:extensions:1.1.1] AndroidManifest.xml:25:13-68
91            android:exported="false"
91-->[android.arch.lifecycle:extensions:1.1.1] AndroidManifest.xml:26:13-37
92            android:multiprocess="true" />
92-->[android.arch.lifecycle:extensions:1.1.1] AndroidManifest.xml:27:13-40
93    </application>
94
95</manifest>